2026-02-10 14:11:10 [restartedMain] INFO  sg.edu.iss.cats.CatsApplication - Starting CatsApplication using Java 21.0.9 with PID 24432 (C:\GitHub\cats\cats\target\classes started by issspa in C:\GitHub\cats\cats)
2026-02-10 14:11:10 [restartedMain] DEBUG sg.edu.iss.cats.CatsApplication - Running with Spring Boot v3.5.10, Spring v6.2.15
2026-02-10 14:11:10 [restartedMain] INFO  sg.edu.iss.cats.CatsApplication - No active profile set, falling back to 1 default profile: "default"
2026-02-10 14:11:10 [restartedMain] INFO  o.s.b.d.e.DevToolsPropertyDefaultsPostProcessor - Devtools property defaults active! Set 'spring.devtools.add-properties' to 'false' to disable
2026-02-10 14:11:10 [restartedMain] INFO  o.s.b.d.e.DevToolsPropertyDefaultsPostProcessor - For additional web related logging consider setting the 'logging.level.web' property to 'DEBUG'
2026-02-10 14:11:10 [restartedMain] INFO  o.s.d.r.c.RepositoryConfigurationDelegate - Bootstrapping Spring Data JPA repositories in DEFAULT mode.
2026-02-10 14:11:10 [restartedMain] INFO  o.s.d.r.c.RepositoryConfigurationDelegate - Finished Spring Data repository scanning in 54 ms. Found 6 JPA repository interfaces.
2026-02-10 14:11:11 [restartedMain] INFO  o.s.b.w.e.tomcat.TomcatWebServer - Tomcat initialized with port 8080 (http)
2026-02-10 14:11:11 [restartedMain] INFO  o.a.catalina.core.StandardService - Starting service [Tomcat]
2026-02-10 14:11:11 [restartedMain] INFO  o.a.catalina.core.StandardEngine - Starting Servlet engine: [Apache Tomcat/10.1.50]
2026-02-10 14:11:11 [restartedMain] INFO  o.a.c.c.C.[Tomcat].[localhost].[/] - Initializing Spring embedded WebApplicationContext
2026-02-10 14:11:11 [restartedMain] INFO  o.s.b.w.s.c.ServletWebServerApplicationContext - Root WebApplicationContext: initialization completed in 945 ms
2026-02-10 14:11:11 [restartedMain] INFO  o.h.jpa.internal.util.LogHelper - HHH000204: Processing PersistenceUnitInfo [name: default]
2026-02-10 14:11:11 [restartedMain] INFO  org.hibernate.Version - HHH000412: Hibernate ORM core version 6.6.41.Final
2026-02-10 14:11:11 [restartedMain] INFO  o.h.c.i.RegionFactoryInitiator - HHH000026: Second-level cache disabled
2026-02-10 14:11:11 [restartedMain] INFO  o.h.e.b.internal.EnversServiceImpl - Envers integration enabled? : true
2026-02-10 14:11:11 [restartedMain] INFO  o.s.o.j.p.SpringPersistenceUnitInfo - No LoadTimeWeaver setup: ignoring JPA class transformer
2026-02-10 14:11:11 [restartedMain] INFO  com.zaxxer.hikari.HikariDataSource - HikariPool-1 - Starting...
2026-02-10 14:11:11 [restartedMain] INFO  com.zaxxer.hikari.pool.HikariPool - HikariPool-1 - Added connection conn0: url=jdbc:h2:mem:cats_db user=SA
2026-02-10 14:11:11 [restartedMain] INFO  com.zaxxer.hikari.HikariDataSource - HikariPool-1 - Start completed.
2026-02-10 14:11:11 [restartedMain] INFO  o.hibernate.orm.connections.pooling - HHH10001005: Database info:
	Database JDBC URL [Connecting through datasource 'HikariDataSource (HikariPool-1)']
	Database driver: undefined/unknown
	Database version: 2.3.232
	Autocommit mode: undefined/unknown
	Isolation level: undefined/unknown
	Minimum pool size: undefined/unknown
	Maximum pool size: undefined/unknown
2026-02-10 14:11:11 [restartedMain] INFO  o.h.e.c.i.m.AuditMetadataGenerator - Adding properties for entity: sg.edu.iss.cats.model.CourseEvent
2026-02-10 14:11:11 [restartedMain] INFO  o.h.e.c.i.m.AuditMetadataGenerator - Adding properties for entity: sg.edu.iss.cats.model.Department
2026-02-10 14:11:11 [restartedMain] INFO  o.h.e.c.i.m.AuditMetadataGenerator - Adding properties for entity: sg.edu.iss.cats.model.User
2026-02-10 14:11:11 [restartedMain] INFO  o.h.e.c.i.m.AuditMetadataGenerator - Adding properties for entity: sg.edu.iss.cats.model.Role
2026-02-10 14:11:11 [restartedMain] INFO  o.h.e.c.i.m.AuditMetadataGenerator - Adding properties for entity: sg.edu.iss.cats.model.UserRole
2026-02-10 14:11:11 [restartedMain] INFO  o.h.e.c.i.m.AuditMetadataGenerator - Adding properties for entity: sg.edu.iss.cats.model.Course
2026-02-10 14:11:11 [restartedMain] INFO  o.h.e.c.i.m.AuditMetadataGenerator - Adding properties for entity: sg.edu.iss.cats.model.Employee
2026-02-10 14:11:12 [restartedMain] INFO  o.h.e.t.j.p.i.JtaPlatformInitiator - HHH000489: No JTA platform available (set 'hibernate.transaction.jta.platform' to enable JTA platform integration)
2026-02-10 14:11:12 [restartedMain] DEBUG org.hibernate.SQL - 
    create table course (
        courseid integer generated by default as identity,
        coursename varchar(255),
        employeeid varchar(255),
        fees float(53),
        fromdate date,
        gstincluded BIT,
        justification varchar(255),
        organiser varchar(255),
        status ENUM('SUBMITTED', 'APPROVED', 'WITHDRAWN', 'UPDATED', 'REJECTED'),
        todate date,
        primary key (courseid)
    )
2026-02-10 14:11:12 [restartedMain] DEBUG org.hibernate.SQL - 
    create table course_aud (
        courseid integer not null,
        rev integer not null,
        revtype tinyint,
        coursename varchar(255),
        employeeid varchar(255),
        fees float(53),
        fromdate date,
        gstincluded BIT,
        justification varchar(255),
        organiser varchar(255),
        status ENUM('SUBMITTED', 'APPROVED', 'WITHDRAWN', 'UPDATED', 'REJECTED'),
        todate date,
        primary key (rev, courseid)
    )
2026-02-10 14:11:12 [restartedMain] DEBUG org.hibernate.SQL - 
    create table courseevent (
        courseeventid integer generated by default as identity,
        comment varchar(255),
        eventby varchar(255),
        event_date timestamp(6),
        eventtype ENUM('SUBMITTED', 'APPROVED', 'WITHDRAWN', 'UPDATED', 'REJECTED'),
        courseid integer,
        primary key (courseeventid)
    )
2026-02-10 14:11:12 [restartedMain] DEBUG org.hibernate.SQL - 
    create table courseevent_aud (
        courseeventid integer not null,
        rev integer not null,
        revtype tinyint,
        comment varchar(255),
        eventby varchar(255),
        event_date timestamp(6),
        eventtype ENUM('SUBMITTED', 'APPROVED', 'WITHDRAWN', 'UPDATED', 'REJECTED'),
        courseid integer,
        primary key (rev, courseeventid)
    )
2026-02-10 14:11:12 [restartedMain] DEBUG org.hibernate.SQL - 
    create table department (
        departmentid varchar(255) not null,
        managerid varchar(255),
        primary key (departmentid)
    )
2026-02-10 14:11:12 [restartedMain] DEBUG org.hibernate.SQL - 
    create table department_aud (
        departmentid varchar(255) not null,
        rev integer not null,
        revtype tinyint,
        managerid varchar(255),
        primary key (rev, departmentid)
    )
2026-02-10 14:11:12 [restartedMain] DEBUG org.hibernate.SQL - 
    create table employee (
        employeeid varchar(255) not null,
        managerid varchar(255),
        name varchar(255),
        primary key (employeeid)
    )
2026-02-10 14:11:12 [restartedMain] DEBUG org.hibernate.SQL - 
    create table employee_aud (
        employeeid varchar(255) not null,
        rev integer not null,
        revtype tinyint,
        managerid varchar(255),
        name varchar(255),
        primary key (rev, employeeid)
    )
2026-02-10 14:11:12 [restartedMain] DEBUG org.hibernate.SQL - 
    create table revinfo (
        rev integer generated by default as identity,
        revtstmp bigint,
        primary key (rev)
    )
2026-02-10 14:11:12 [restartedMain] DEBUG org.hibernate.SQL - 
    create table role (
        roleid varchar(255) not null,
        description varchar(255),
        name varchar(255),
        primary key (roleid)
    )
2026-02-10 14:11:12 [restartedMain] DEBUG org.hibernate.SQL - 
    create table role_aud (
        roleid varchar(255) not null,
        rev integer not null,
        revtype tinyint,
        description varchar(255),
        name varchar(255),
        primary key (rev, roleid)
    )
2026-02-10 14:11:12 [restartedMain] DEBUG org.hibernate.SQL - 
    create table userrole (
        roleid varchar(255) not null,
        userid varchar(255) not null,
        primary key (roleid, userid)
    )
2026-02-10 14:11:12 [restartedMain] DEBUG org.hibernate.SQL - 
    create table userrole_aud (
        rev integer not null,
        userid varchar(255) not null,
        roleid varchar(255) not null,
        revtype tinyint,
        primary key (rev, roleid, userid)
    )
2026-02-10 14:11:12 [restartedMain] DEBUG org.hibernate.SQL - 
    create table users (
        userid varchar(255) not null,
        employeeid varchar(255),
        name varchar(255) not null,
        password varchar(255) not null,
        primary key (userid)
    )
2026-02-10 14:11:12 [restartedMain] DEBUG org.hibernate.SQL - 
    create table users_aud (
        userid varchar(255) not null,
        rev integer not null,
        revtype tinyint,
        employeeid varchar(255),
        name varchar(255),
        password varchar(255),
        primary key (rev, userid)
    )
2026-02-10 14:11:12 [restartedMain] DEBUG org.hibernate.SQL - 
    alter table if exists course_aud 
       add constraint FK7wota7b9g9bu9by751v8r8j65 
       foreign key (rev) 
       references revinfo
2026-02-10 14:11:12 [restartedMain] DEBUG org.hibernate.SQL - 
    alter table if exists courseevent 
       add constraint FKlaqejovhytp2x47t0cknoodqx 
       foreign key (courseid) 
       references course
2026-02-10 14:11:12 [restartedMain] DEBUG org.hibernate.SQL - 
    alter table if exists courseevent_aud 
       add constraint FK7vusndvnu7f9s2cmfo2wpo29d 
       foreign key (rev) 
       references revinfo
2026-02-10 14:11:12 [restartedMain] DEBUG org.hibernate.SQL - 
    alter table if exists department_aud 
       add constraint FKdrxjxvx2qlyxtsq8teb2fgqy8 
       foreign key (rev) 
       references revinfo
2026-02-10 14:11:12 [restartedMain] DEBUG org.hibernate.SQL - 
    alter table if exists employee_aud 
       add constraint FK118cwnbfk1ny0ttu4bfqmeh8q 
       foreign key (rev) 
       references revinfo
2026-02-10 14:11:12 [restartedMain] DEBUG org.hibernate.SQL - 
    alter table if exists role_aud 
       add constraint FKrks7qtsmup3w81fdp0d6omfk7 
       foreign key (rev) 
       references revinfo
2026-02-10 14:11:12 [restartedMain] DEBUG org.hibernate.SQL - 
    alter table if exists userrole 
       add constraint FKp9uqhbg64l2v6p5i1ixunb645 
       foreign key (roleid) 
       references role
2026-02-10 14:11:12 [restartedMain] DEBUG org.hibernate.SQL - 
    alter table if exists userrole 
       add constraint FK5myx5qtxjcsem4ji6ykl1921g 
       foreign key (userid) 
       references users
2026-02-10 14:11:12 [restartedMain] DEBUG org.hibernate.SQL - 
    alter table if exists userrole_aud 
       add constraint FK4rpf8lfpn98tpm1g6nv8ejmfk 
       foreign key (rev) 
       references revinfo
2026-02-10 14:11:12 [restartedMain] DEBUG org.hibernate.SQL - 
    alter table if exists users_aud 
       add constraint FKc4vk4tui2la36415jpgm9leoq 
       foreign key (rev) 
       references revinfo
2026-02-10 14:11:12 [restartedMain] INFO  o.s.o.j.LocalContainerEntityManagerFactoryBean - Initialized JPA EntityManagerFactory for persistence unit 'default'
2026-02-10 14:11:12 [restartedMain] WARN  o.s.b.a.o.j.JpaBaseConfiguration$JpaWebConfiguration - spring.jpa.open-in-view is enabled by default. Therefore, database queries may be performed during view rendering. Explicitly configure spring.jpa.open-in-view to disable this warning
2026-02-10 14:11:12 [restartedMain] WARN  o.s.b.a.t.ThymeleafAutoConfiguration$DefaultTemplateResolverConfiguration - Cannot find template location: classpath:/templates/ (please add some templates, check your Thymeleaf configuration, or set spring.thymeleaf.check-template-location=false)
2026-02-10 14:11:12 [restartedMain] INFO  o.s.d.j.r.query.QueryEnhancerFactory - Hibernate is in classpath; If applicable, HQL parser will be used.
2026-02-10 14:11:13 [restartedMain] INFO  o.s.b.a.h.H2ConsoleAutoConfiguration - H2 console available at '/h2-console'. Database available at 'jdbc:h2:mem:cats_db'
2026-02-10 14:11:13 [restartedMain] WARN  o.s.b.a.s.s.UserDetailsServiceAutoConfiguration - 

Using generated security password: a25a0ce2-0844-4fd8-a5ad-8540505d94e7

This generated password is for development use only. Your security configuration must be updated before running your application in production.

2026-02-10 14:11:13 [restartedMain] INFO  o.s.s.c.a.a.c.InitializeUserDetailsBeanManagerConfigurer$InitializeUserDetailsManagerConfigurer - Global AuthenticationManager configured with UserDetailsService bean with name inMemoryUserDetailsManager
2026-02-10 14:11:13 [restartedMain] DEBUG o.s.s.web.DefaultSecurityFilterChain - Will secure any request with filters: DisableEncodeUrlFilter, WebAsyncManagerIntegrationFilter, SecurityContextHolderFilter, HeaderWriterFilter, CsrfFilter, LogoutFilter, UsernamePasswordAuthenticationFilter, DefaultResourcesFilter, DefaultLoginPageGeneratingFilter, DefaultLogoutPageGeneratingFilter, BasicAuthenticationFilter, RequestCacheAwareFilter, SecurityContextHolderAwareRequestFilter, AnonymousAuthenticationFilter, ExceptionTranslationFilter, AuthorizationFilter
2026-02-10 14:11:13 [restartedMain] INFO  o.s.b.d.a.OptionalLiveReloadServer - LiveReload server is running on port 35729
2026-02-10 14:11:13 [restartedMain] INFO  o.s.b.w.e.tomcat.TomcatWebServer - Tomcat started on port 8080 (http) with context path '/'
2026-02-10 14:11:13 [restartedMain] INFO  sg.edu.iss.cats.CatsApplication - Started CatsApplication in 4.09 seconds (process running for 4.883)
2026-02-10 14:11:33 [File Watcher] INFO  o.s.b.d.a.LocalDevToolsAutoConfiguration$RestartingClassPathChangeChangedEventListener - Restarting due to 23 class path changes (0 additions, 0 deletions, 23 modifications)
2026-02-10 14:11:33 [Thread-5] INFO  o.s.b.w.e.tomcat.GracefulShutdown - Commencing graceful shutdown. Waiting for active requests to complete
2026-02-10 14:11:33 [tomcat-shutdown] INFO  o.s.b.w.e.tomcat.GracefulShutdown - Graceful shutdown complete
2026-02-10 14:11:33 [Thread-5] INFO  o.s.o.j.LocalContainerEntityManagerFactoryBean - Closing JPA EntityManagerFactory for persistence unit 'default'
2026-02-10 14:11:33 [Thread-5] WARN  o.s.b.f.s.DisposableBeanAdapter - Invocation of destroy method failed on bean with name 'inMemoryDatabaseShutdownExecutor': org.h2.jdbc.JdbcSQLNonTransientConnectionException: Database is already closed (to disable automatic closing at VM shutdown, add ";DB_CLOSE_ON_EXIT=FALSE" to the db URL) [90121-232]
2026-02-10 14:11:33 [Thread-5] INFO  com.zaxxer.hikari.HikariDataSource - HikariPool-1 - Shutdown initiated...
2026-02-10 14:11:33 [Thread-5] INFO  com.zaxxer.hikari.HikariDataSource - HikariPool-1 - Shutdown completed.
2026-02-10 14:11:33 [restartedMain] INFO  sg.edu.iss.cats.CatsApplication - Starting CatsApplication using Java 21.0.9 with PID 24432 (C:\GitHub\cats\cats\target\classes started by issspa in C:\GitHub\cats\cats)
2026-02-10 14:11:33 [restartedMain] DEBUG sg.edu.iss.cats.CatsApplication - Running with Spring Boot v3.5.10, Spring v6.2.15
2026-02-10 14:11:33 [restartedMain] INFO  sg.edu.iss.cats.CatsApplication - No active profile set, falling back to 1 default profile: "default"
2026-02-10 14:11:33 [restartedMain] INFO  o.s.d.r.c.RepositoryConfigurationDelegate - Bootstrapping Spring Data JPA repositories in DEFAULT mode.
2026-02-10 14:11:33 [restartedMain] INFO  o.s.d.r.c.RepositoryConfigurationDelegate - Finished Spring Data repository scanning in 30 ms. Found 6 JPA repository interfaces.
2026-02-10 14:11:33 [restartedMain] INFO  o.s.b.w.e.tomcat.TomcatWebServer - Tomcat initialized with port 8080 (http)
2026-02-10 14:11:33 [restartedMain] INFO  o.a.catalina.core.StandardService - Starting service [Tomcat]
2026-02-10 14:11:33 [restartedMain] INFO  o.a.catalina.core.StandardEngine - Starting Servlet engine: [Apache Tomcat/10.1.50]
2026-02-10 14:11:33 [restartedMain] INFO  o.a.c.c.C.[Tomcat].[localhost].[/] - Initializing Spring embedded WebApplicationContext
2026-02-10 14:11:33 [restartedMain] INFO  o.s.b.w.s.c.ServletWebServerApplicationContext - Root WebApplicationContext: initialization completed in 254 ms
2026-02-10 14:11:34 [restartedMain] INFO  o.h.jpa.internal.util.LogHelper - HHH000204: Processing PersistenceUnitInfo [name: default]
2026-02-10 14:11:34 [restartedMain] INFO  o.h.c.i.RegionFactoryInitiator - HHH000026: Second-level cache disabled
2026-02-10 14:11:34 [restartedMain] INFO  o.h.e.b.internal.EnversServiceImpl - Envers integration enabled? : true
2026-02-10 14:11:34 [restartedMain] INFO  o.s.o.j.p.SpringPersistenceUnitInfo - No LoadTimeWeaver setup: ignoring JPA class transformer
2026-02-10 14:11:34 [restartedMain] INFO  com.zaxxer.hikari.HikariDataSource - HikariPool-2 - Starting...
2026-02-10 14:11:34 [restartedMain] INFO  com.zaxxer.hikari.pool.HikariPool - HikariPool-2 - Added connection conn5: url=jdbc:h2:mem:cats_db user=SA
2026-02-10 14:11:34 [restartedMain] INFO  com.zaxxer.hikari.HikariDataSource - HikariPool-2 - Start completed.
2026-02-10 14:11:34 [restartedMain] INFO  o.hibernate.orm.connections.pooling - HHH10001005: Database info:
	Database JDBC URL [Connecting through datasource 'HikariDataSource (HikariPool-2)']
	Database driver: undefined/unknown
	Database version: 2.3.232
	Autocommit mode: undefined/unknown
	Isolation level: undefined/unknown
	Minimum pool size: undefined/unknown
	Maximum pool size: undefined/unknown
2026-02-10 14:11:34 [restartedMain] INFO  o.h.e.c.i.m.AuditMetadataGenerator - Adding properties for entity: sg.edu.iss.cats.model.CourseEvent
2026-02-10 14:11:34 [restartedMain] INFO  o.h.e.c.i.m.AuditMetadataGenerator - Adding properties for entity: sg.edu.iss.cats.model.Department
2026-02-10 14:11:34 [restartedMain] INFO  o.h.e.c.i.m.AuditMetadataGenerator - Adding properties for entity: sg.edu.iss.cats.model.User
2026-02-10 14:11:34 [restartedMain] INFO  o.h.e.c.i.m.AuditMetadataGenerator - Adding properties for entity: sg.edu.iss.cats.model.Role
2026-02-10 14:11:34 [restartedMain] INFO  o.h.e.c.i.m.AuditMetadataGenerator - Adding properties for entity: sg.edu.iss.cats.model.UserRole
2026-02-10 14:11:34 [restartedMain] INFO  o.h.e.c.i.m.AuditMetadataGenerator - Adding properties for entity: sg.edu.iss.cats.model.Course
2026-02-10 14:11:34 [restartedMain] INFO  o.h.e.c.i.m.AuditMetadataGenerator - Adding properties for entity: sg.edu.iss.cats.model.Employee
2026-02-10 14:11:34 [restartedMain] INFO  o.h.e.t.j.p.i.JtaPlatformInitiator - HHH000489: No JTA platform available (set 'hibernate.transaction.jta.platform' to enable JTA platform integration)
2026-02-10 14:11:34 [restartedMain] DEBUG org.hibernate.SQL - 
    create table course (
        courseid integer generated by default as identity,
        coursename varchar(255),
        employeeid varchar(255),
        fees float(53),
        fromdate date,
        gstincluded BIT,
        justification varchar(255),
        organiser varchar(255),
        status ENUM('SUBMITTED', 'APPROVED', 'WITHDRAWN', 'UPDATED', 'REJECTED'),
        todate date,
        primary key (courseid)
    )
2026-02-10 14:11:34 [restartedMain] DEBUG org.hibernate.SQL - 
    create table course_aud (
        courseid integer not null,
        rev integer not null,
        revtype tinyint,
        coursename varchar(255),
        employeeid varchar(255),
        fees float(53),
        fromdate date,
        gstincluded BIT,
        justification varchar(255),
        organiser varchar(255),
        status ENUM('SUBMITTED', 'APPROVED', 'WITHDRAWN', 'UPDATED', 'REJECTED'),
        todate date,
        primary key (rev, courseid)
    )
2026-02-10 14:11:34 [restartedMain] DEBUG org.hibernate.SQL - 
    create table courseevent (
        courseeventid integer generated by default as identity,
        comment varchar(255),
        eventby varchar(255),
        event_date timestamp(6),
        eventtype ENUM('SUBMITTED', 'APPROVED', 'WITHDRAWN', 'UPDATED', 'REJECTED'),
        courseid integer,
        primary key (courseeventid)
    )
2026-02-10 14:11:34 [restartedMain] DEBUG org.hibernate.SQL - 
    create table courseevent_aud (
        courseeventid integer not null,
        rev integer not null,
        revtype tinyint,
        comment varchar(255),
        eventby varchar(255),
        event_date timestamp(6),
        eventtype ENUM('SUBMITTED', 'APPROVED', 'WITHDRAWN', 'UPDATED', 'REJECTED'),
        courseid integer,
        primary key (rev, courseeventid)
    )
2026-02-10 14:11:34 [restartedMain] DEBUG org.hibernate.SQL - 
    create table department (
        departmentid varchar(255) not null,
        managerid varchar(255),
        primary key (departmentid)
    )
2026-02-10 14:11:34 [restartedMain] DEBUG org.hibernate.SQL - 
    create table department_aud (
        departmentid varchar(255) not null,
        rev integer not null,
        revtype tinyint,
        managerid varchar(255),
        primary key (rev, departmentid)
    )
2026-02-10 14:11:34 [restartedMain] DEBUG org.hibernate.SQL - 
    create table employee (
        employeeid varchar(255) not null,
        managerid varchar(255),
        name varchar(255),
        primary key (employeeid)
    )
2026-02-10 14:11:34 [restartedMain] DEBUG org.hibernate.SQL - 
    create table employee_aud (
        employeeid varchar(255) not null,
        rev integer not null,
        revtype tinyint,
        managerid varchar(255),
        name varchar(255),
        primary key (rev, employeeid)
    )
2026-02-10 14:11:34 [restartedMain] DEBUG org.hibernate.SQL - 
    create table revinfo (
        rev integer generated by default as identity,
        revtstmp bigint,
        primary key (rev)
    )
2026-02-10 14:11:34 [restartedMain] DEBUG org.hibernate.SQL - 
    create table role (
        roleid varchar(255) not null,
        description varchar(255),
        name varchar(255),
        primary key (roleid)
    )
2026-02-10 14:11:34 [restartedMain] DEBUG org.hibernate.SQL - 
    create table role_aud (
        roleid varchar(255) not null,
        rev integer not null,
        revtype tinyint,
        description varchar(255),
        name varchar(255),
        primary key (rev, roleid)
    )
2026-02-10 14:11:34 [restartedMain] DEBUG org.hibernate.SQL - 
    create table userrole (
        roleid varchar(255) not null,
        userid varchar(255) not null,
        primary key (roleid, userid)
    )
2026-02-10 14:11:34 [restartedMain] DEBUG org.hibernate.SQL - 
    create table userrole_aud (
        rev integer not null,
        userid varchar(255) not null,
        roleid varchar(255) not null,
        revtype tinyint,
        primary key (rev, roleid, userid)
    )
2026-02-10 14:11:34 [restartedMain] DEBUG org.hibernate.SQL - 
    create table users (
        userid varchar(255) not null,
        employeeid varchar(255),
        name varchar(255) not null,
        password varchar(255) not null,
        primary key (userid)
    )
2026-02-10 14:11:34 [restartedMain] DEBUG org.hibernate.SQL - 
    create table users_aud (
        userid varchar(255) not null,
        rev integer not null,
        revtype tinyint,
        employeeid varchar(255),
        name varchar(255),
        password varchar(255),
        primary key (rev, userid)
    )
2026-02-10 14:11:34 [restartedMain] DEBUG org.hibernate.SQL - 
    alter table if exists course_aud 
       add constraint FK7wota7b9g9bu9by751v8r8j65 
       foreign key (rev) 
       references revinfo
2026-02-10 14:11:34 [restartedMain] DEBUG org.hibernate.SQL - 
    alter table if exists courseevent 
       add constraint FKlaqejovhytp2x47t0cknoodqx 
       foreign key (courseid) 
       references course
2026-02-10 14:11:34 [restartedMain] DEBUG org.hibernate.SQL - 
    alter table if exists courseevent_aud 
       add constraint FK7vusndvnu7f9s2cmfo2wpo29d 
       foreign key (rev) 
       references revinfo
2026-02-10 14:11:34 [restartedMain] DEBUG org.hibernate.SQL - 
    alter table if exists department_aud 
       add constraint FKdrxjxvx2qlyxtsq8teb2fgqy8 
       foreign key (rev) 
       references revinfo
2026-02-10 14:11:34 [restartedMain] DEBUG org.hibernate.SQL - 
    alter table if exists employee_aud 
       add constraint FK118cwnbfk1ny0ttu4bfqmeh8q 
       foreign key (rev) 
       references revinfo
2026-02-10 14:11:34 [restartedMain] DEBUG org.hibernate.SQL - 
    alter table if exists role_aud 
       add constraint FKrks7qtsmup3w81fdp0d6omfk7 
       foreign key (rev) 
       references revinfo
2026-02-10 14:11:34 [restartedMain] DEBUG org.hibernate.SQL - 
    alter table if exists userrole 
       add constraint FKp9uqhbg64l2v6p5i1ixunb645 
       foreign key (roleid) 
       references role
2026-02-10 14:11:34 [restartedMain] DEBUG org.hibernate.SQL - 
    alter table if exists userrole 
       add constraint FK5myx5qtxjcsem4ji6ykl1921g 
       foreign key (userid) 
       references users
2026-02-10 14:11:34 [restartedMain] DEBUG org.hibernate.SQL - 
    alter table if exists userrole_aud 
       add constraint FK4rpf8lfpn98tpm1g6nv8ejmfk 
       foreign key (rev) 
       references revinfo
2026-02-10 14:11:34 [restartedMain] DEBUG org.hibernate.SQL - 
    alter table if exists users_aud 
       add constraint FKc4vk4tui2la36415jpgm9leoq 
       foreign key (rev) 
       references revinfo
2026-02-10 14:11:34 [restartedMain] INFO  o.s.o.j.LocalContainerEntityManagerFactoryBean - Initialized JPA EntityManagerFactory for persistence unit 'default'
2026-02-10 14:11:34 [restartedMain] WARN  o.s.b.a.o.j.JpaBaseConfiguration$JpaWebConfiguration - spring.jpa.open-in-view is enabled by default. Therefore, database queries may be performed during view rendering. Explicitly configure spring.jpa.open-in-view to disable this warning
2026-02-10 14:11:34 [restartedMain] WARN  o.s.b.a.t.ThymeleafAutoConfiguration$DefaultTemplateResolverConfiguration - Cannot find template location: classpath:/templates/ (please add some templates, check your Thymeleaf configuration, or set spring.thymeleaf.check-template-location=false)
2026-02-10 14:11:34 [restartedMain] INFO  o.s.b.a.h.H2ConsoleAutoConfiguration - H2 console available at '/h2-console'. Database available at 'jdbc:h2:mem:cats_db'
2026-02-10 14:11:34 [restartedMain] WARN  o.s.b.a.s.s.UserDetailsServiceAutoConfiguration - 

Using generated security password: 297a2234-543d-41bf-8296-f1623364d9e1

This generated password is for development use only. Your security configuration must be updated before running your application in production.

2026-02-10 14:11:34 [restartedMain] INFO  o.s.s.c.a.a.c.InitializeUserDetailsBeanManagerConfigurer$InitializeUserDetailsManagerConfigurer - Global AuthenticationManager configured with UserDetailsService bean with name inMemoryUserDetailsManager
2026-02-10 14:11:34 [restartedMain] DEBUG o.s.s.web.DefaultSecurityFilterChain - Will secure any request with filters: DisableEncodeUrlFilter, WebAsyncManagerIntegrationFilter, SecurityContextHolderFilter, HeaderWriterFilter, CsrfFilter, LogoutFilter, UsernamePasswordAuthenticationFilter, DefaultResourcesFilter, DefaultLoginPageGeneratingFilter, DefaultLogoutPageGeneratingFilter, BasicAuthenticationFilter, RequestCacheAwareFilter, SecurityContextHolderAwareRequestFilter, AnonymousAuthenticationFilter, ExceptionTranslationFilter, AuthorizationFilter
2026-02-10 14:11:34 [restartedMain] INFO  o.s.b.d.a.OptionalLiveReloadServer - LiveReload server is running on port 35729
2026-02-10 14:11:34 [restartedMain] INFO  o.s.b.w.e.tomcat.TomcatWebServer - Tomcat started on port 8080 (http) with context path '/'
2026-02-10 14:11:34 [restartedMain] INFO  sg.edu.iss.cats.CatsApplication - Started CatsApplication in 0.681 seconds (process running for 25.482)
2026-02-10 14:11:34 [restartedMain] INFO  o.s.b.d.a.ConditionEvaluationDeltaLoggingListener - Condition evaluation unchanged
2026-02-10 14:11:37 [main] INFO  s.edu.iss.cats.CatsApplicationTests - Starting CatsApplicationTests using Java 21.0.9 with PID 24688 (started by issspa in C:\GitHub\cats\cats)
2026-02-10 14:11:37 [main] DEBUG s.edu.iss.cats.CatsApplicationTests - Running with Spring Boot v3.5.10, Spring v6.2.15
2026-02-10 14:11:37 [main] INFO  s.edu.iss.cats.CatsApplicationTests - No active profile set, falling back to 1 default profile: "default"
2026-02-10 14:11:38 [main] INFO  o.s.d.r.c.RepositoryConfigurationDelegate - Bootstrapping Spring Data JPA repositories in DEFAULT mode.
2026-02-10 14:11:38 [main] INFO  o.s.d.r.c.RepositoryConfigurationDelegate - Finished Spring Data repository scanning in 55 ms. Found 6 JPA repository interfaces.
2026-02-10 14:11:39 [main] INFO  o.h.jpa.internal.util.LogHelper - HHH000204: Processing PersistenceUnitInfo [name: default]
2026-02-10 14:11:39 [main] INFO  org.hibernate.Version - HHH000412: Hibernate ORM core version 6.6.41.Final
2026-02-10 14:11:39 [main] INFO  o.h.c.i.RegionFactoryInitiator - HHH000026: Second-level cache disabled
2026-02-10 14:11:39 [main] INFO  o.h.e.b.internal.EnversServiceImpl - Envers integration enabled? : true
2026-02-10 14:11:39 [main] INFO  o.s.o.j.p.SpringPersistenceUnitInfo - No LoadTimeWeaver setup: ignoring JPA class transformer
2026-02-10 14:11:39 [main] INFO  com.zaxxer.hikari.HikariDataSource - HikariPool-1 - Starting...
2026-02-10 14:11:39 [main] INFO  com.zaxxer.hikari.pool.HikariPool - HikariPool-1 - Added connection conn0: url=jdbc:h2:mem:cats_db user=SA
2026-02-10 14:11:39 [main] INFO  com.zaxxer.hikari.HikariDataSource - HikariPool-1 - Start completed.
2026-02-10 14:11:39 [main] INFO  o.hibernate.orm.connections.pooling - HHH10001005: Database info:
	Database JDBC URL [Connecting through datasource 'HikariDataSource (HikariPool-1)']
	Database driver: undefined/unknown
	Database version: 2.3.232
	Autocommit mode: undefined/unknown
	Isolation level: undefined/unknown
	Minimum pool size: undefined/unknown
	Maximum pool size: undefined/unknown
2026-02-10 14:11:40 [main] INFO  o.h.e.c.i.m.AuditMetadataGenerator - Adding properties for entity: sg.edu.iss.cats.model.CourseEvent
2026-02-10 14:11:40 [main] INFO  o.h.e.c.i.m.AuditMetadataGenerator - Adding properties for entity: sg.edu.iss.cats.model.Department
2026-02-10 14:11:40 [main] INFO  o.h.e.c.i.m.AuditMetadataGenerator - Adding properties for entity: sg.edu.iss.cats.model.User
2026-02-10 14:11:40 [main] INFO  o.h.e.c.i.m.AuditMetadataGenerator - Adding properties for entity: sg.edu.iss.cats.model.Role
2026-02-10 14:11:40 [main] INFO  o.h.e.c.i.m.AuditMetadataGenerator - Adding properties for entity: sg.edu.iss.cats.model.UserRole
2026-02-10 14:11:40 [main] INFO  o.h.e.c.i.m.AuditMetadataGenerator - Adding properties for entity: sg.edu.iss.cats.model.Course
2026-02-10 14:11:40 [main] INFO  o.h.e.c.i.m.AuditMetadataGenerator - Adding properties for entity: sg.edu.iss.cats.model.Employee
2026-02-10 14:11:40 [main] INFO  o.h.e.t.j.p.i.JtaPlatformInitiator - HHH000489: No JTA platform available (set 'hibernate.transaction.jta.platform' to enable JTA platform integration)
2026-02-10 14:11:40 [main] DEBUG org.hibernate.SQL - 
    create table course (
        courseid integer generated by default as identity,
        coursename varchar(255),
        employeeid varchar(255),
        fees float(53),
        fromdate date,
        gstincluded BIT,
        justification varchar(255),
        organiser varchar(255),
        status ENUM('SUBMITTED', 'APPROVED', 'WITHDRAWN', 'UPDATED', 'REJECTED'),
        todate date,
        primary key (courseid)
    )
2026-02-10 14:11:40 [main] DEBUG org.hibernate.SQL - 
    create table course_aud (
        courseid integer not null,
        rev integer not null,
        revtype tinyint,
        coursename varchar(255),
        employeeid varchar(255),
        fees float(53),
        fromdate date,
        gstincluded BIT,
        justification varchar(255),
        organiser varchar(255),
        status ENUM('SUBMITTED', 'APPROVED', 'WITHDRAWN', 'UPDATED', 'REJECTED'),
        todate date,
        primary key (rev, courseid)
    )
2026-02-10 14:11:40 [main] DEBUG org.hibernate.SQL - 
    create table courseevent (
        courseeventid integer generated by default as identity,
        comment varchar(255),
        eventby varchar(255),
        event_date timestamp(6),
        eventtype ENUM('SUBMITTED', 'APPROVED', 'WITHDRAWN', 'UPDATED', 'REJECTED'),
        courseid integer,
        primary key (courseeventid)
    )
2026-02-10 14:11:40 [main] DEBUG org.hibernate.SQL - 
    create table courseevent_aud (
        courseeventid integer not null,
        rev integer not null,
        revtype tinyint,
        comment varchar(255),
        eventby varchar(255),
        event_date timestamp(6),
        eventtype ENUM('SUBMITTED', 'APPROVED', 'WITHDRAWN', 'UPDATED', 'REJECTED'),
        courseid integer,
        primary key (rev, courseeventid)
    )
2026-02-10 14:11:40 [main] DEBUG org.hibernate.SQL - 
    create table department (
        departmentid varchar(255) not null,
        managerid varchar(255),
        primary key (departmentid)
    )
2026-02-10 14:11:40 [main] DEBUG org.hibernate.SQL - 
    create table department_aud (
        departmentid varchar(255) not null,
        rev integer not null,
        revtype tinyint,
        managerid varchar(255),
        primary key (rev, departmentid)
    )
2026-02-10 14:11:40 [main] DEBUG org.hibernate.SQL - 
    create table employee (
        employeeid varchar(255) not null,
        managerid varchar(255),
        name varchar(255),
        primary key (employeeid)
    )
2026-02-10 14:11:40 [main] DEBUG org.hibernate.SQL - 
    create table employee_aud (
        employeeid varchar(255) not null,
        rev integer not null,
        revtype tinyint,
        managerid varchar(255),
        name varchar(255),
        primary key (rev, employeeid)
    )
2026-02-10 14:11:40 [main] DEBUG org.hibernate.SQL - 
    create table revinfo (
        rev integer generated by default as identity,
        revtstmp bigint,
        primary key (rev)
    )
2026-02-10 14:11:40 [main] DEBUG org.hibernate.SQL - 
    create table role (
        roleid varchar(255) not null,
        description varchar(255),
        name varchar(255),
        primary key (roleid)
    )
2026-02-10 14:11:40 [main] DEBUG org.hibernate.SQL - 
    create table role_aud (
        roleid varchar(255) not null,
        rev integer not null,
        revtype tinyint,
        description varchar(255),
        name varchar(255),
        primary key (rev, roleid)
    )
2026-02-10 14:11:40 [main] DEBUG org.hibernate.SQL - 
    create table userrole (
        roleid varchar(255) not null,
        userid varchar(255) not null,
        primary key (roleid, userid)
    )
2026-02-10 14:11:40 [main] DEBUG org.hibernate.SQL - 
    create table userrole_aud (
        rev integer not null,
        userid varchar(255) not null,
        roleid varchar(255) not null,
        revtype tinyint,
        primary key (rev, roleid, userid)
    )
2026-02-10 14:11:40 [main] DEBUG org.hibernate.SQL - 
    create table users (
        userid varchar(255) not null,
        employeeid varchar(255),
        name varchar(255) not null,
        password varchar(255) not null,
        primary key (userid)
    )
2026-02-10 14:11:40 [main] DEBUG org.hibernate.SQL - 
    create table users_aud (
        userid varchar(255) not null,
        rev integer not null,
        revtype tinyint,
        employeeid varchar(255),
        name varchar(255),
        password varchar(255),
        primary key (rev, userid)
    )
2026-02-10 14:11:40 [main] DEBUG org.hibernate.SQL - 
    alter table if exists course_aud 
       add constraint FK7wota7b9g9bu9by751v8r8j65 
       foreign key (rev) 
       references revinfo
2026-02-10 14:11:40 [main] DEBUG org.hibernate.SQL - 
    alter table if exists courseevent 
       add constraint FKlaqejovhytp2x47t0cknoodqx 
       foreign key (courseid) 
       references course
2026-02-10 14:11:40 [main] DEBUG org.hibernate.SQL - 
    alter table if exists courseevent_aud 
       add constraint FK7vusndvnu7f9s2cmfo2wpo29d 
       foreign key (rev) 
       references revinfo
2026-02-10 14:11:40 [main] DEBUG org.hibernate.SQL - 
    alter table if exists department_aud 
       add constraint FKdrxjxvx2qlyxtsq8teb2fgqy8 
       foreign key (rev) 
       references revinfo
2026-02-10 14:11:40 [main] DEBUG org.hibernate.SQL - 
    alter table if exists employee_aud 
       add constraint FK118cwnbfk1ny0ttu4bfqmeh8q 
       foreign key (rev) 
       references revinfo
2026-02-10 14:11:40 [main] DEBUG org.hibernate.SQL - 
    alter table if exists role_aud 
       add constraint FKrks7qtsmup3w81fdp0d6omfk7 
       foreign key (rev) 
       references revinfo
2026-02-10 14:11:40 [main] DEBUG org.hibernate.SQL - 
    alter table if exists userrole 
       add constraint FKp9uqhbg64l2v6p5i1ixunb645 
       foreign key (roleid) 
       references role
2026-02-10 14:11:40 [main] DEBUG org.hibernate.SQL - 
    alter table if exists userrole 
       add constraint FK5myx5qtxjcsem4ji6ykl1921g 
       foreign key (userid) 
       references users
2026-02-10 14:11:40 [main] DEBUG org.hibernate.SQL - 
    alter table if exists userrole_aud 
       add constraint FK4rpf8lfpn98tpm1g6nv8ejmfk 
       foreign key (rev) 
       references revinfo
2026-02-10 14:11:40 [main] DEBUG org.hibernate.SQL - 
    alter table if exists users_aud 
       add constraint FKc4vk4tui2la36415jpgm9leoq 
       foreign key (rev) 
       references revinfo
2026-02-10 14:11:40 [main] INFO  o.s.o.j.LocalContainerEntityManagerFactoryBean - Initialized JPA EntityManagerFactory for persistence unit 'default'
2026-02-10 14:11:40 [main] WARN  o.s.b.a.o.j.JpaBaseConfiguration$JpaWebConfiguration - spring.jpa.open-in-view is enabled by default. Therefore, database queries may be performed during view rendering. Explicitly configure spring.jpa.open-in-view to disable this warning
2026-02-10 14:11:41 [main] WARN  o.s.b.a.t.ThymeleafAutoConfiguration$DefaultTemplateResolverConfiguration - Cannot find template location: classpath:/templates/ (please add some templates, check your Thymeleaf configuration, or set spring.thymeleaf.check-template-location=false)
2026-02-10 14:11:41 [main] INFO  o.s.d.j.r.query.QueryEnhancerFactory - Hibernate is in classpath; If applicable, HQL parser will be used.
2026-02-10 14:11:42 [main] INFO  o.s.b.a.h.H2ConsoleAutoConfiguration - H2 console available at '/h2-console'. Database available at 'jdbc:h2:mem:cats_db'
2026-02-10 14:11:42 [main] WARN  o.s.b.a.s.s.UserDetailsServiceAutoConfiguration - 

Using generated security password: 714459ae-ecbb-4c2d-9f64-5d9e7e76df3f

This generated password is for development use only. Your security configuration must be updated before running your application in production.

2026-02-10 14:11:42 [main] INFO  o.s.s.c.a.a.c.InitializeUserDetailsBeanManagerConfigurer$InitializeUserDetailsManagerConfigurer - Global AuthenticationManager configured with UserDetailsService bean with name inMemoryUserDetailsManager
2026-02-10 14:11:42 [main] DEBUG o.s.s.web.DefaultSecurityFilterChain - Will secure any request with filters: DisableEncodeUrlFilter, WebAsyncManagerIntegrationFilter, SecurityContextHolderFilter, HeaderWriterFilter, CsrfFilter, LogoutFilter, UsernamePasswordAuthenticationFilter, DefaultResourcesFilter, DefaultLoginPageGeneratingFilter, DefaultLogoutPageGeneratingFilter, BasicAuthenticationFilter, RequestCacheAwareFilter, SecurityContextHolderAwareRequestFilter, AnonymousAuthenticationFilter, ExceptionTranslationFilter, AuthorizationFilter
2026-02-10 14:11:42 [main] INFO  s.edu.iss.cats.CatsApplicationTests - Started CatsApplicationTests in 5.264 seconds (process running for 6.389)
2026-02-10 14:11:44 [SpringApplicationShutdownHook] INFO  o.s.o.j.LocalContainerEntityManagerFactoryBean - Closing JPA EntityManagerFactory for persistence unit 'default'
2026-02-10 14:11:44 [SpringApplicationShutdownHook] INFO  com.zaxxer.hikari.HikariDataSource - HikariPool-1 - Shutdown initiated...
2026-02-10 14:11:44 [SpringApplicationShutdownHook] INFO  com.zaxxer.hikari.HikariDataSource - HikariPool-1 - Shutdown completed.
2026-02-10 14:19:40 [File Watcher] INFO  o.s.b.d.a.LocalDevToolsAutoConfiguration$RestartingClassPathChangeChangedEventListener - Restarting due to 1 class path change (1 addition, 0 deletions, 0 modifications)
2026-02-10 14:19:40 [Thread-7] INFO  o.s.b.w.e.tomcat.GracefulShutdown - Commencing graceful shutdown. Waiting for active requests to complete
2026-02-10 14:19:40 [tomcat-shutdown] INFO  o.s.b.w.e.tomcat.GracefulShutdown - Graceful shutdown complete
2026-02-10 14:19:40 [Thread-7] INFO  o.s.o.j.LocalContainerEntityManagerFactoryBean - Closing JPA EntityManagerFactory for persistence unit 'default'
2026-02-10 14:19:40 [Thread-7] WARN  o.s.b.f.s.DisposableBeanAdapter - Invocation of destroy method failed on bean with name 'inMemoryDatabaseShutdownExecutor': org.h2.jdbc.JdbcSQLNonTransientConnectionException: Database is already closed (to disable automatic closing at VM shutdown, add ";DB_CLOSE_ON_EXIT=FALSE" to the db URL) [90121-232]
2026-02-10 14:19:40 [Thread-7] INFO  com.zaxxer.hikari.HikariDataSource - HikariPool-2 - Shutdown initiated...
2026-02-10 14:19:40 [Thread-7] INFO  com.zaxxer.hikari.HikariDataSource - HikariPool-2 - Shutdown completed.
2026-02-10 14:19:40 [restartedMain] INFO  sg.edu.iss.cats.CatsApplication - Starting CatsApplication using Java 21.0.9 with PID 24432 (C:\GitHub\cats\cats\target\classes started by issspa in C:\GitHub\cats\cats)
2026-02-10 14:19:40 [restartedMain] DEBUG sg.edu.iss.cats.CatsApplication - Running with Spring Boot v3.5.10, Spring v6.2.15
2026-02-10 14:19:40 [restartedMain] INFO  sg.edu.iss.cats.CatsApplication - No active profile set, falling back to 1 default profile: "default"
2026-02-10 14:19:40 [restartedMain] INFO  o.s.d.r.c.RepositoryConfigurationDelegate - Bootstrapping Spring Data JPA repositories in DEFAULT mode.
2026-02-10 14:19:40 [restartedMain] INFO  o.s.d.r.c.RepositoryConfigurationDelegate - Finished Spring Data repository scanning in 18 ms. Found 6 JPA repository interfaces.
2026-02-10 14:19:40 [restartedMain] INFO  o.s.b.w.e.tomcat.TomcatWebServer - Tomcat initialized with port 8080 (http)
2026-02-10 14:19:40 [restartedMain] INFO  o.a.catalina.core.StandardService - Starting service [Tomcat]
2026-02-10 14:19:40 [restartedMain] INFO  o.a.catalina.core.StandardEngine - Starting Servlet engine: [Apache Tomcat/10.1.50]
2026-02-10 14:19:40 [restartedMain] INFO  o.a.c.c.C.[Tomcat].[localhost].[/] - Initializing Spring embedded WebApplicationContext
2026-02-10 14:19:40 [restartedMain] INFO  o.s.b.w.s.c.ServletWebServerApplicationContext - Root WebApplicationContext: initialization completed in 160 ms
2026-02-10 14:19:40 [restartedMain] INFO  o.h.jpa.internal.util.LogHelper - HHH000204: Processing PersistenceUnitInfo [name: default]
2026-02-10 14:19:40 [restartedMain] INFO  o.h.c.i.RegionFactoryInitiator - HHH000026: Second-level cache disabled
2026-02-10 14:19:40 [restartedMain] INFO  o.h.e.b.internal.EnversServiceImpl - Envers integration enabled? : true
2026-02-10 14:19:40 [restartedMain] INFO  o.s.o.j.p.SpringPersistenceUnitInfo - No LoadTimeWeaver setup: ignoring JPA class transformer
2026-02-10 14:19:40 [restartedMain] INFO  com.zaxxer.hikari.HikariDataSource - HikariPool-3 - Starting...
2026-02-10 14:19:40 [restartedMain] INFO  com.zaxxer.hikari.pool.HikariPool - HikariPool-3 - Added connection conn10: url=jdbc:h2:mem:cats_db user=SA
2026-02-10 14:19:40 [restartedMain] INFO  com.zaxxer.hikari.HikariDataSource - HikariPool-3 - Start completed.
2026-02-10 14:19:40 [restartedMain] INFO  o.hibernate.orm.connections.pooling - HHH10001005: Database info:
	Database JDBC URL [Connecting through datasource 'HikariDataSource (HikariPool-3)']
	Database driver: undefined/unknown
	Database version: 2.3.232
	Autocommit mode: undefined/unknown
	Isolation level: undefined/unknown
	Minimum pool size: undefined/unknown
	Maximum pool size: undefined/unknown
2026-02-10 14:19:40 [restartedMain] INFO  o.h.e.c.i.m.AuditMetadataGenerator - Adding properties for entity: sg.edu.iss.cats.model.CourseEvent
2026-02-10 14:19:40 [restartedMain] INFO  o.h.e.c.i.m.AuditMetadataGenerator - Adding properties for entity: sg.edu.iss.cats.model.Department
2026-02-10 14:19:40 [restartedMain] INFO  o.h.e.c.i.m.AuditMetadataGenerator - Adding properties for entity: sg.edu.iss.cats.model.User
2026-02-10 14:19:40 [restartedMain] INFO  o.h.e.c.i.m.AuditMetadataGenerator - Adding properties for entity: sg.edu.iss.cats.model.Role
2026-02-10 14:19:40 [restartedMain] INFO  o.h.e.c.i.m.AuditMetadataGenerator - Adding properties for entity: sg.edu.iss.cats.model.UserRole
2026-02-10 14:19:40 [restartedMain] INFO  o.h.e.c.i.m.AuditMetadataGenerator - Adding properties for entity: sg.edu.iss.cats.model.Course
2026-02-10 14:19:40 [restartedMain] INFO  o.h.e.c.i.m.AuditMetadataGenerator - Adding properties for entity: sg.edu.iss.cats.model.Employee
2026-02-10 14:19:40 [restartedMain] INFO  o.h.e.t.j.p.i.JtaPlatformInitiator - HHH000489: No JTA platform available (set 'hibernate.transaction.jta.platform' to enable JTA platform integration)
2026-02-10 14:19:40 [restartedMain] DEBUG org.hibernate.SQL - 
    create table course (
        courseid integer generated by default as identity,
        coursename varchar(255),
        employeeid varchar(255),
        fees float(53),
        fromdate date,
        gstincluded BIT,
        justification varchar(255),
        organiser varchar(255),
        status ENUM('SUBMITTED', 'APPROVED', 'WITHDRAWN', 'UPDATED', 'REJECTED'),
        todate date,
        primary key (courseid)
    )
2026-02-10 14:19:40 [restartedMain] DEBUG org.hibernate.SQL - 
    create table course_aud (
        courseid integer not null,
        rev integer not null,
        revtype tinyint,
        coursename varchar(255),
        employeeid varchar(255),
        fees float(53),
        fromdate date,
        gstincluded BIT,
        justification varchar(255),
        organiser varchar(255),
        status ENUM('SUBMITTED', 'APPROVED', 'WITHDRAWN', 'UPDATED', 'REJECTED'),
        todate date,
        primary key (rev, courseid)
    )
2026-02-10 14:19:40 [restartedMain] DEBUG org.hibernate.SQL - 
    create table courseevent (
        courseeventid integer generated by default as identity,
        comment varchar(255),
        eventby varchar(255),
        event_date timestamp(6),
        eventtype ENUM('SUBMITTED', 'APPROVED', 'WITHDRAWN', 'UPDATED', 'REJECTED'),
        courseid integer,
        primary key (courseeventid)
    )
2026-02-10 14:19:40 [restartedMain] DEBUG org.hibernate.SQL - 
    create table courseevent_aud (
        courseeventid integer not null,
        rev integer not null,
        revtype tinyint,
        comment varchar(255),
        eventby varchar(255),
        event_date timestamp(6),
        eventtype ENUM('SUBMITTED', 'APPROVED', 'WITHDRAWN', 'UPDATED', 'REJECTED'),
        courseid integer,
        primary key (rev, courseeventid)
    )
2026-02-10 14:19:40 [restartedMain] DEBUG org.hibernate.SQL - 
    create table department (
        departmentid varchar(255) not null,
        managerid varchar(255),
        primary key (departmentid)
    )
2026-02-10 14:19:40 [restartedMain] DEBUG org.hibernate.SQL - 
    create table department_aud (
        departmentid varchar(255) not null,
        rev integer not null,
        revtype tinyint,
        managerid varchar(255),
        primary key (rev, departmentid)
    )
2026-02-10 14:19:40 [restartedMain] DEBUG org.hibernate.SQL - 
    create table employee (
        employeeid varchar(255) not null,
        managerid varchar(255),
        name varchar(255),
        primary key (employeeid)
    )
2026-02-10 14:19:40 [restartedMain] DEBUG org.hibernate.SQL - 
    create table employee_aud (
        employeeid varchar(255) not null,
        rev integer not null,
        revtype tinyint,
        managerid varchar(255),
        name varchar(255),
        primary key (rev, employeeid)
    )
2026-02-10 14:19:40 [restartedMain] DEBUG org.hibernate.SQL - 
    create table revinfo (
        rev integer generated by default as identity,
        revtstmp bigint,
        primary key (rev)
    )
2026-02-10 14:19:40 [restartedMain] DEBUG org.hibernate.SQL - 
    create table role (
        roleid varchar(255) not null,
        description varchar(255),
        name varchar(255),
        primary key (roleid)
    )
2026-02-10 14:19:40 [restartedMain] DEBUG org.hibernate.SQL - 
    create table role_aud (
        roleid varchar(255) not null,
        rev integer not null,
        revtype tinyint,
        description varchar(255),
        name varchar(255),
        primary key (rev, roleid)
    )
2026-02-10 14:19:40 [restartedMain] DEBUG org.hibernate.SQL - 
    create table userrole (
        roleid varchar(255) not null,
        userid varchar(255) not null,
        primary key (roleid, userid)
    )
2026-02-10 14:19:40 [restartedMain] DEBUG org.hibernate.SQL - 
    create table userrole_aud (
        rev integer not null,
        userid varchar(255) not null,
        roleid varchar(255) not null,
        revtype tinyint,
        primary key (rev, roleid, userid)
    )
2026-02-10 14:19:40 [restartedMain] DEBUG org.hibernate.SQL - 
    create table users (
        userid varchar(255) not null,
        employeeid varchar(255),
        name varchar(255) not null,
        password varchar(255) not null,
        primary key (userid)
    )
2026-02-10 14:19:40 [restartedMain] DEBUG org.hibernate.SQL - 
    create table users_aud (
        userid varchar(255) not null,
        rev integer not null,
        revtype tinyint,
        employeeid varchar(255),
        name varchar(255),
        password varchar(255),
        primary key (rev, userid)
    )
2026-02-10 14:19:40 [restartedMain] DEBUG org.hibernate.SQL - 
    alter table if exists course_aud 
       add constraint FK7wota7b9g9bu9by751v8r8j65 
       foreign key (rev) 
       references revinfo
2026-02-10 14:19:40 [restartedMain] DEBUG org.hibernate.SQL - 
    alter table if exists courseevent 
       add constraint FKlaqejovhytp2x47t0cknoodqx 
       foreign key (courseid) 
       references course
2026-02-10 14:19:40 [restartedMain] DEBUG org.hibernate.SQL - 
    alter table if exists courseevent_aud 
       add constraint FK7vusndvnu7f9s2cmfo2wpo29d 
       foreign key (rev) 
       references revinfo
2026-02-10 14:19:40 [restartedMain] DEBUG org.hibernate.SQL - 
    alter table if exists department_aud 
       add constraint FKdrxjxvx2qlyxtsq8teb2fgqy8 
       foreign key (rev) 
       references revinfo
2026-02-10 14:19:40 [restartedMain] DEBUG org.hibernate.SQL - 
    alter table if exists employee_aud 
       add constraint FK118cwnbfk1ny0ttu4bfqmeh8q 
       foreign key (rev) 
       references revinfo
2026-02-10 14:19:40 [restartedMain] DEBUG org.hibernate.SQL - 
    alter table if exists role_aud 
       add constraint FKrks7qtsmup3w81fdp0d6omfk7 
       foreign key (rev) 
       references revinfo
2026-02-10 14:19:40 [restartedMain] DEBUG org.hibernate.SQL - 
    alter table if exists userrole 
       add constraint FKp9uqhbg64l2v6p5i1ixunb645 
       foreign key (roleid) 
       references role
2026-02-10 14:19:40 [restartedMain] DEBUG org.hibernate.SQL - 
    alter table if exists userrole 
       add constraint FK5myx5qtxjcsem4ji6ykl1921g 
       foreign key (userid) 
       references users
2026-02-10 14:19:40 [restartedMain] DEBUG org.hibernate.SQL - 
    alter table if exists userrole_aud 
       add constraint FK4rpf8lfpn98tpm1g6nv8ejmfk 
       foreign key (rev) 
       references revinfo
2026-02-10 14:19:40 [restartedMain] DEBUG org.hibernate.SQL - 
    alter table if exists users_aud 
       add constraint FKc4vk4tui2la36415jpgm9leoq 
       foreign key (rev) 
       references revinfo
2026-02-10 14:19:40 [restartedMain] INFO  o.s.o.j.LocalContainerEntityManagerFactoryBean - Initialized JPA EntityManagerFactory for persistence unit 'default'
2026-02-10 14:19:40 [restartedMain] WARN  o.s.b.a.o.j.JpaBaseConfiguration$JpaWebConfiguration - spring.jpa.open-in-view is enabled by default. Therefore, database queries may be performed during view rendering. Explicitly configure spring.jpa.open-in-view to disable this warning
2026-02-10 14:19:40 [restartedMain] WARN  o.s.b.a.t.ThymeleafAutoConfiguration$DefaultTemplateResolverConfiguration - Cannot find template location: classpath:/templates/ (please add some templates, check your Thymeleaf configuration, or set spring.thymeleaf.check-template-location=false)
2026-02-10 14:19:40 [restartedMain] INFO  o.s.b.a.h.H2ConsoleAutoConfiguration - H2 console available at '/h2-console'. Database available at 'jdbc:h2:mem:cats_db'
2026-02-10 14:19:40 [restartedMain] WARN  o.s.b.a.s.s.UserDetailsServiceAutoConfiguration - 

Using generated security password: 544f9a63-5078-484d-886b-43fa3467b489

This generated password is for development use only. Your security configuration must be updated before running your application in production.

2026-02-10 14:19:40 [restartedMain] INFO  o.s.s.c.a.a.c.InitializeUserDetailsBeanManagerConfigurer$InitializeUserDetailsManagerConfigurer - Global AuthenticationManager configured with UserDetailsService bean with name inMemoryUserDetailsManager
2026-02-10 14:19:40 [restartedMain] DEBUG o.s.s.web.DefaultSecurityFilterChain - Will secure any request with filters: DisableEncodeUrlFilter, WebAsyncManagerIntegrationFilter, SecurityContextHolderFilter, HeaderWriterFilter, CsrfFilter, LogoutFilter, UsernamePasswordAuthenticationFilter, DefaultResourcesFilter, DefaultLoginPageGeneratingFilter, DefaultLogoutPageGeneratingFilter, BasicAuthenticationFilter, RequestCacheAwareFilter, SecurityContextHolderAwareRequestFilter, AnonymousAuthenticationFilter, ExceptionTranslationFilter, AuthorizationFilter
2026-02-10 14:19:40 [restartedMain] INFO  o.s.b.d.a.OptionalLiveReloadServer - LiveReload server is running on port 35729
2026-02-10 14:19:40 [restartedMain] INFO  o.s.b.w.e.tomcat.TomcatWebServer - Tomcat started on port 8080 (http) with context path '/'
2026-02-10 14:19:40 [restartedMain] INFO  sg.edu.iss.cats.CatsApplication - Started CatsApplication in 0.407 seconds (process running for 511.737)
2026-02-10 14:19:40 [restartedMain] INFO  o.s.b.d.a.ConditionEvaluationDeltaLoggingListener - Condition evaluation unchanged
2026-02-10 14:19:48 [File Watcher] INFO  o.s.b.d.a.LocalDevToolsAutoConfiguration$RestartingClassPathChangeChangedEventListener - Restarting due to 1 class path change (0 additions, 0 deletions, 1 modification)
2026-02-10 14:19:48 [Thread-12] INFO  o.s.b.w.e.tomcat.GracefulShutdown - Commencing graceful shutdown. Waiting for active requests to complete
2026-02-10 14:19:48 [tomcat-shutdown] INFO  o.s.b.w.e.tomcat.GracefulShutdown - Graceful shutdown complete
2026-02-10 14:19:48 [Thread-12] INFO  o.s.o.j.LocalContainerEntityManagerFactoryBean - Closing JPA EntityManagerFactory for persistence unit 'default'
2026-02-10 14:19:48 [Thread-12] WARN  o.s.b.f.s.DisposableBeanAdapter - Invocation of destroy method failed on bean with name 'inMemoryDatabaseShutdownExecutor': org.h2.jdbc.JdbcSQLNonTransientConnectionException: Database is already closed (to disable automatic closing at VM shutdown, add ";DB_CLOSE_ON_EXIT=FALSE" to the db URL) [90121-232]
2026-02-10 14:19:48 [Thread-12] INFO  com.zaxxer.hikari.HikariDataSource - HikariPool-3 - Shutdown initiated...
2026-02-10 14:19:48 [Thread-12] INFO  com.zaxxer.hikari.HikariDataSource - HikariPool-3 - Shutdown completed.
2026-02-10 14:19:48 [restartedMain] INFO  sg.edu.iss.cats.CatsApplication - Starting CatsApplication using Java 21.0.9 with PID 24432 (C:\GitHub\cats\cats\target\classes started by issspa in C:\GitHub\cats\cats)
2026-02-10 14:19:48 [restartedMain] DEBUG sg.edu.iss.cats.CatsApplication - Running with Spring Boot v3.5.10, Spring v6.2.15
2026-02-10 14:19:48 [restartedMain] INFO  sg.edu.iss.cats.CatsApplication - No active profile set, falling back to 1 default profile: "default"
2026-02-10 14:19:48 [restartedMain] INFO  o.s.d.r.c.RepositoryConfigurationDelegate - Bootstrapping Spring Data JPA repositories in DEFAULT mode.
2026-02-10 14:19:48 [restartedMain] INFO  o.s.d.r.c.RepositoryConfigurationDelegate - Finished Spring Data repository scanning in 25 ms. Found 6 JPA repository interfaces.
2026-02-10 14:19:48 [restartedMain] INFO  o.s.b.w.e.tomcat.TomcatWebServer - Tomcat initialized with port 8080 (http)
2026-02-10 14:19:48 [restartedMain] INFO  o.a.catalina.core.StandardService - Starting service [Tomcat]
2026-02-10 14:19:48 [restartedMain] INFO  o.a.catalina.core.StandardEngine - Starting Servlet engine: [Apache Tomcat/10.1.50]
2026-02-10 14:19:48 [restartedMain] INFO  o.a.c.c.C.[Tomcat].[localhost].[/] - Initializing Spring embedded WebApplicationContext
2026-02-10 14:19:48 [restartedMain] INFO  o.s.b.w.s.c.ServletWebServerApplicationContext - Root WebApplicationContext: initialization completed in 256 ms
2026-02-10 14:19:48 [restartedMain] INFO  o.h.jpa.internal.util.LogHelper - HHH000204: Processing PersistenceUnitInfo [name: default]
2026-02-10 14:19:48 [restartedMain] INFO  o.h.c.i.RegionFactoryInitiator - HHH000026: Second-level cache disabled
2026-02-10 14:19:48 [restartedMain] INFO  o.h.e.b.internal.EnversServiceImpl - Envers integration enabled? : true
2026-02-10 14:19:48 [restartedMain] INFO  o.s.o.j.p.SpringPersistenceUnitInfo - No LoadTimeWeaver setup: ignoring JPA class transformer
2026-02-10 14:19:48 [restartedMain] INFO  com.zaxxer.hikari.HikariDataSource - HikariPool-4 - Starting...
2026-02-10 14:19:48 [restartedMain] INFO  com.zaxxer.hikari.pool.HikariPool - HikariPool-4 - Added connection conn15: url=jdbc:h2:mem:cats_db user=SA
2026-02-10 14:19:48 [restartedMain] INFO  com.zaxxer.hikari.HikariDataSource - HikariPool-4 - Start completed.
2026-02-10 14:19:48 [restartedMain] INFO  o.hibernate.orm.connections.pooling - HHH10001005: Database info:
	Database JDBC URL [Connecting through datasource 'HikariDataSource (HikariPool-4)']
	Database driver: undefined/unknown
	Database version: 2.3.232
	Autocommit mode: undefined/unknown
	Isolation level: undefined/unknown
	Minimum pool size: undefined/unknown
	Maximum pool size: undefined/unknown
2026-02-10 14:19:48 [restartedMain] INFO  o.h.e.c.i.m.AuditMetadataGenerator - Adding properties for entity: sg.edu.iss.cats.model.CourseEvent
2026-02-10 14:19:48 [restartedMain] INFO  o.h.e.c.i.m.AuditMetadataGenerator - Adding properties for entity: sg.edu.iss.cats.model.Department
2026-02-10 14:19:48 [restartedMain] INFO  o.h.e.c.i.m.AuditMetadataGenerator - Adding properties for entity: sg.edu.iss.cats.model.User
2026-02-10 14:19:48 [restartedMain] INFO  o.h.e.c.i.m.AuditMetadataGenerator - Adding properties for entity: sg.edu.iss.cats.model.Role
2026-02-10 14:19:48 [restartedMain] INFO  o.h.e.c.i.m.AuditMetadataGenerator - Adding properties for entity: sg.edu.iss.cats.model.UserRole
2026-02-10 14:19:48 [restartedMain] INFO  o.h.e.c.i.m.AuditMetadataGenerator - Adding properties for entity: sg.edu.iss.cats.model.Course
2026-02-10 14:19:48 [restartedMain] INFO  o.h.e.c.i.m.AuditMetadataGenerator - Adding properties for entity: sg.edu.iss.cats.model.Employee
2026-02-10 14:19:48 [restartedMain] INFO  o.h.e.t.j.p.i.JtaPlatformInitiator - HHH000489: No JTA platform available (set 'hibernate.transaction.jta.platform' to enable JTA platform integration)
2026-02-10 14:19:48 [restartedMain] DEBUG org.hibernate.SQL - 
    create table course (
        courseid integer generated by default as identity,
        coursename varchar(255),
        employeeid varchar(255),
        fees float(53),
        fromdate date,
        gstincluded BIT,
        justification varchar(255),
        organiser varchar(255),
        status ENUM('SUBMITTED', 'APPROVED', 'WITHDRAWN', 'UPDATED', 'REJECTED'),
        todate date,
        primary key (courseid)
    )
2026-02-10 14:19:48 [restartedMain] DEBUG org.hibernate.SQL - 
    create table course_aud (
        courseid integer not null,
        rev integer not null,
        revtype tinyint,
        coursename varchar(255),
        employeeid varchar(255),
        fees float(53),
        fromdate date,
        gstincluded BIT,
        justification varchar(255),
        organiser varchar(255),
        status ENUM('SUBMITTED', 'APPROVED', 'WITHDRAWN', 'UPDATED', 'REJECTED'),
        todate date,
        primary key (rev, courseid)
    )
2026-02-10 14:19:48 [restartedMain] DEBUG org.hibernate.SQL - 
    create table courseevent (
        courseeventid integer generated by default as identity,
        comment varchar(255),
        eventby varchar(255),
        event_date timestamp(6),
        eventtype ENUM('SUBMITTED', 'APPROVED', 'WITHDRAWN', 'UPDATED', 'REJECTED'),
        courseid integer,
        primary key (courseeventid)
    )
2026-02-10 14:19:48 [restartedMain] DEBUG org.hibernate.SQL - 
    create table courseevent_aud (
        courseeventid integer not null,
        rev integer not null,
        revtype tinyint,
        comment varchar(255),
        eventby varchar(255),
        event_date timestamp(6),
        eventtype ENUM('SUBMITTED', 'APPROVED', 'WITHDRAWN', 'UPDATED', 'REJECTED'),
        courseid integer,
        primary key (rev, courseeventid)
    )
2026-02-10 14:19:48 [restartedMain] DEBUG org.hibernate.SQL - 
    create table department (
        departmentid varchar(255) not null,
        managerid varchar(255),
        primary key (departmentid)
    )
2026-02-10 14:19:48 [restartedMain] DEBUG org.hibernate.SQL - 
    create table department_aud (
        departmentid varchar(255) not null,
        rev integer not null,
        revtype tinyint,
        managerid varchar(255),
        primary key (rev, departmentid)
    )
2026-02-10 14:19:48 [restartedMain] DEBUG org.hibernate.SQL - 
    create table employee (
        employeeid varchar(255) not null,
        managerid varchar(255),
        name varchar(255),
        primary key (employeeid)
    )
2026-02-10 14:19:48 [restartedMain] DEBUG org.hibernate.SQL - 
    create table employee_aud (
        employeeid varchar(255) not null,
        rev integer not null,
        revtype tinyint,
        managerid varchar(255),
        name varchar(255),
        primary key (rev, employeeid)
    )
2026-02-10 14:19:48 [restartedMain] DEBUG org.hibernate.SQL - 
    create table revinfo (
        rev integer generated by default as identity,
        revtstmp bigint,
        primary key (rev)
    )
2026-02-10 14:19:48 [restartedMain] DEBUG org.hibernate.SQL - 
    create table role (
        roleid varchar(255) not null,
        description varchar(255),
        name varchar(255),
        primary key (roleid)
    )
2026-02-10 14:19:48 [restartedMain] DEBUG org.hibernate.SQL - 
    create table role_aud (
        roleid varchar(255) not null,
        rev integer not null,
        revtype tinyint,
        description varchar(255),
        name varchar(255),
        primary key (rev, roleid)
    )
2026-02-10 14:19:48 [restartedMain] DEBUG org.hibernate.SQL - 
    create table userrole (
        roleid varchar(255) not null,
        userid varchar(255) not null,
        primary key (roleid, userid)
    )
2026-02-10 14:19:48 [restartedMain] DEBUG org.hibernate.SQL - 
    create table userrole_aud (
        rev integer not null,
        userid varchar(255) not null,
        roleid varchar(255) not null,
        revtype tinyint,
        primary key (rev, roleid, userid)
    )
2026-02-10 14:19:48 [restartedMain] DEBUG org.hibernate.SQL - 
    create table users (
        userid varchar(255) not null,
        employeeid varchar(255),
        name varchar(255) not null,
        password varchar(255) not null,
        primary key (userid)
    )
2026-02-10 14:19:48 [restartedMain] DEBUG org.hibernate.SQL - 
    create table users_aud (
        userid varchar(255) not null,
        rev integer not null,
        revtype tinyint,
        employeeid varchar(255),
        name varchar(255),
        password varchar(255),
        primary key (rev, userid)
    )
2026-02-10 14:19:48 [restartedMain] DEBUG org.hibernate.SQL - 
    alter table if exists course_aud 
       add constraint FK7wota7b9g9bu9by751v8r8j65 
       foreign key (rev) 
       references revinfo
2026-02-10 14:19:48 [restartedMain] DEBUG org.hibernate.SQL - 
    alter table if exists courseevent 
       add constraint FKlaqejovhytp2x47t0cknoodqx 
       foreign key (courseid) 
       references course
2026-02-10 14:19:48 [restartedMain] DEBUG org.hibernate.SQL - 
    alter table if exists courseevent_aud 
       add constraint FK7vusndvnu7f9s2cmfo2wpo29d 
       foreign key (rev) 
       references revinfo
2026-02-10 14:19:48 [restartedMain] DEBUG org.hibernate.SQL - 
    alter table if exists department_aud 
       add constraint FKdrxjxvx2qlyxtsq8teb2fgqy8 
       foreign key (rev) 
       references revinfo
2026-02-10 14:19:48 [restartedMain] DEBUG org.hibernate.SQL - 
    alter table if exists employee_aud 
       add constraint FK118cwnbfk1ny0ttu4bfqmeh8q 
       foreign key (rev) 
       references revinfo
2026-02-10 14:19:48 [restartedMain] DEBUG org.hibernate.SQL - 
    alter table if exists role_aud 
       add constraint FKrks7qtsmup3w81fdp0d6omfk7 
       foreign key (rev) 
       references revinfo
2026-02-10 14:19:48 [restartedMain] DEBUG org.hibernate.SQL - 
    alter table if exists userrole 
       add constraint FKp9uqhbg64l2v6p5i1ixunb645 
       foreign key (roleid) 
       references role
2026-02-10 14:19:48 [restartedMain] DEBUG org.hibernate.SQL - 
    alter table if exists userrole 
       add constraint FK5myx5qtxjcsem4ji6ykl1921g 
       foreign key (userid) 
       references users
2026-02-10 14:19:48 [restartedMain] DEBUG org.hibernate.SQL - 
    alter table if exists userrole_aud 
       add constraint FK4rpf8lfpn98tpm1g6nv8ejmfk 
       foreign key (rev) 
       references revinfo
2026-02-10 14:19:48 [restartedMain] DEBUG org.hibernate.SQL - 
    alter table if exists users_aud 
       add constraint FKc4vk4tui2la36415jpgm9leoq 
       foreign key (rev) 
       references revinfo
2026-02-10 14:19:48 [restartedMain] INFO  o.s.o.j.LocalContainerEntityManagerFactoryBean - Initialized JPA EntityManagerFactory for persistence unit 'default'
2026-02-10 14:19:48 [restartedMain] WARN  o.s.b.a.o.j.JpaBaseConfiguration$JpaWebConfiguration - spring.jpa.open-in-view is enabled by default. Therefore, database queries may be performed during view rendering. Explicitly configure spring.jpa.open-in-view to disable this warning
2026-02-10 14:19:48 [restartedMain] WARN  o.s.b.a.t.ThymeleafAutoConfiguration$DefaultTemplateResolverConfiguration - Cannot find template location: classpath:/templates/ (please add some templates, check your Thymeleaf configuration, or set spring.thymeleaf.check-template-location=false)
2026-02-10 14:19:48 [restartedMain] INFO  o.s.b.a.h.H2ConsoleAutoConfiguration - H2 console available at '/h2-console'. Database available at 'jdbc:h2:mem:cats_db'
2026-02-10 14:19:48 [restartedMain] WARN  o.s.b.a.s.s.UserDetailsServiceAutoConfiguration - 

Using generated security password: 2c90adc2-870b-457b-a6b0-062f1447bbe3

This generated password is for development use only. Your security configuration must be updated before running your application in production.

2026-02-10 14:19:48 [restartedMain] INFO  o.s.s.c.a.a.c.InitializeUserDetailsBeanManagerConfigurer$InitializeUserDetailsManagerConfigurer - Global AuthenticationManager configured with UserDetailsService bean with name inMemoryUserDetailsManager
2026-02-10 14:19:48 [restartedMain] DEBUG o.s.s.web.DefaultSecurityFilterChain - Will secure any request with filters: DisableEncodeUrlFilter, WebAsyncManagerIntegrationFilter, SecurityContextHolderFilter, HeaderWriterFilter, CsrfFilter, LogoutFilter, UsernamePasswordAuthenticationFilter, DefaultResourcesFilter, DefaultLoginPageGeneratingFilter, DefaultLogoutPageGeneratingFilter, BasicAuthenticationFilter, RequestCacheAwareFilter, SecurityContextHolderAwareRequestFilter, AnonymousAuthenticationFilter, ExceptionTranslationFilter, AuthorizationFilter
2026-02-10 14:19:48 [restartedMain] INFO  o.s.b.d.a.OptionalLiveReloadServer - LiveReload server is running on port 35729
2026-02-10 14:19:48 [restartedMain] INFO  o.s.b.w.e.tomcat.TomcatWebServer - Tomcat started on port 8080 (http) with context path '/'
2026-02-10 14:19:48 [restartedMain] INFO  sg.edu.iss.cats.CatsApplication - Started CatsApplication in 0.601 seconds (process running for 520.069)
2026-02-10 14:19:48 [restartedMain] INFO  o.s.b.d.a.ConditionEvaluationDeltaLoggingListener - Condition evaluation unchanged
2026-02-10 15:53:42 [RMI TCP Connection(135)-127.0.0.1] INFO  o.s.b.a.SpringApplicationAdminMXBeanRegistrar$SpringApplicationAdmin - Application shutdown requested.
2026-02-10 15:53:42 [RMI TCP Connection(135)-127.0.0.1] INFO  o.s.b.w.e.tomcat.GracefulShutdown - Commencing graceful shutdown. Waiting for active requests to complete
2026-02-10 15:53:42 [tomcat-shutdown] INFO  o.s.b.w.e.tomcat.GracefulShutdown - Graceful shutdown complete
2026-02-10 15:53:42 [RMI TCP Connection(135)-127.0.0.1] INFO  o.s.o.j.LocalContainerEntityManagerFactoryBean - Closing JPA EntityManagerFactory for persistence unit 'default'
2026-02-10 15:53:42 [RMI TCP Connection(135)-127.0.0.1] WARN  o.s.b.f.s.DisposableBeanAdapter - Invocation of destroy method failed on bean with name 'inMemoryDatabaseShutdownExecutor': org.h2.jdbc.JdbcSQLNonTransientConnectionException: Database is already closed (to disable automatic closing at VM shutdown, add ";DB_CLOSE_ON_EXIT=FALSE" to the db URL) [90121-232]
2026-02-10 15:53:42 [RMI TCP Connection(135)-127.0.0.1] INFO  com.zaxxer.hikari.HikariDataSource - HikariPool-4 - Shutdown initiated...
2026-02-10 15:53:42 [RMI TCP Connection(135)-127.0.0.1] INFO  com.zaxxer.hikari.HikariDataSource - HikariPool-4 - Shutdown completed.
